<?xml version="1.0" encoding="UTF-8"?>
<testsuites>
	<testsuite name="ПроверкаПопыткиИсключения13" errors="0" skipped="0" tests="1" failures="1" time="26.151">
		<testcase name="ПроверкаПопыткиИсключения13" classname="ПроверкаПопыткиИсключения13" time="26.151" StartDate="20230428095721" timestamp="2023-04-28T09:57:21" EndDate="20230428095748">
			<failure>
				<expected/>
				<actual/>Найдено 2 ошибок:

Не получилось сравнить таблицу с эталоном 1
{ВнешняяОбработка.РаботаСИнтерфейсом.Форма.Форма.Форма(6284)}:
{ВнешняяОбработка.РаботаСИнтерфейсом.Форма.Форма.Форма(6175)}:
Таблица &lt;Список&gt; не соответствует эталону. Ожидали &lt;1&gt; строк, а в ней &lt;20&gt; строк.

Технические данные:
        ЗаголовокАктивногоОкна: Справочник1
        ИмяАктивнойФормы: Справочник.Справочник1.ФормаСписка
        ИмяФичи: ПроверкаПопыткиИсключения13
        ИмяСценария: ПроверкаПопыткиИсключения13
        НомерСтрокиДерева: 6
        НомерСтрокиФичи: 23
        ПолныйПутьКФиче: C:\Commons\rep\vanessa-automation\features\Support\Templates\ПроверкаПопыткиИсключения\ПроверкаПопыткиИсключения13.feature
        ИмяФайла: C:\Commons\rep\vanessa-automation\features\Libraries\UITestRunner\step_definitions\РаботаСИнтерфейсом.epf
        ИмяПроцедуры: ТаблицаСталаРавной
        ИмяРаннера: Pautov-i7
        ИмяКлиентаТестирования: Этот клиент
        СинонимКлиентаТестирования: 
        ТипКлиентаТестирования: Тонкий
        СтрокаСоединения: File="c:\Bases\8.3.22";
        ДопПараметрыПодключения: /N"" 
        PIDКлиентаТестирования: 10140
        ВерсияVA: ver 1.2.040.18
        ВерсияПлатформы: 8.3.22.1780
        ТипПлатформы: Windows x86
        РежимСовместимостиTestManager: НеИспользовать
        ВремяРаботыСценария: 0:00:17 (ч:м:с)
        ДатаВремяОшибки: 28.04.2023 9:57:38

Не получилось сравнить таблицу с эталоном 2
Таблица &lt;Список&gt; не стала равной за &lt;3&gt; секунд. ТЧ Список не соответствует эталону. Ожидали 1 строк, а в ней 20 строк.

Технические данные:
        ЗаголовокАктивногоОкна: Справочник1
        ИмяАктивнойФормы: Справочник.Справочник1.ФормаСписка
        ИмяФичи: ПроверкаПопыткиИсключения13
        ИмяСценария: ПроверкаПопыткиИсключения13
        НомерСтрокиДерева: 13
        НомерСтрокиФичи: 34
        ПолныйПутьКФиче: C:\Commons\rep\vanessa-automation\features\Support\Templates\ПроверкаПопыткиИсключения\ПроверкаПопыткиИсключения13.feature
        ИмяФайла: C:\Commons\rep\vanessa-automation\features\Libraries\UITestRunner\step_definitions\РаботаСИнтерфейсом.epf
        ИмяПроцедуры: ЯЖдуЧтоТаблицаСтанетРавнаДаннойВТечениеСекунд
        ИмяРаннера: Pautov-i7
        ИмяКлиентаТестирования: Этот клиент
        СинонимКлиентаТестирования: 
        ТипКлиентаТестирования: Тонкий
        СтрокаСоединения: File="c:\Bases\8.3.22";
        ДопПараметрыПодключения: /N"" 
        PIDКлиентаТестирования: 10140
        ВерсияVA: ver 1.2.040.18
        ВерсияПлатформы: 8.3.22.1780
        ТипПлатформы: Windows x86
        РежимСовместимостиTestManager: НеИспользовать
        ВремяРаботыСценария: 0:00:25 (ч:м:с)
        ДатаВремяОшибки: 28.04.2023 9:57:46

</failure>
		</testcase>
	</testsuite>
</testsuites>